{"/Users/xuxiaoyu/Documents/git/jasmine-standalone-2.0.2/spec/test.js":{"path":"/Users/xuxiaoyu/Documents/git/jasmine-standalone-2.0.2/spec/test.js","s":{"1":1,"2":1,"3":0,"4":1,"5":0,"6":0,"7":0},"b":{},"f":{"1":0,"2":0,"3":0,"4":0},"fnMap":{"1":{"name":"(anonymous_1)","line":1,"loc":{"start":{"line":1,"column":29},"end":{"line":1,"column":39}}},"2":{"name":"expectMoveOK","line":2,"loc":{"start":{"line":2,"column":4},"end":{"line":2,"column":69}}},"3":{"name":"expectIllegalMove","line":11,"loc":{"start":{"line":11,"column":4},"end":{"line":11,"column":74}}},"4":{"name":"(anonymous_4)","line":19,"loc":{"start":{"line":19,"column":65},"end":{"line":19,"column":75}}}},"statementMap":{"1":{"start":{"line":1,"column":0},"end":{"line":45,"column":3}},"2":{"start":{"line":2,"column":4},"end":{"line":9,"column":5}},"3":{"start":{"line":3,"column":5},"end":{"line":8,"column":18}},"4":{"start":{"line":11,"column":4},"end":{"line":17,"column":5}},"5":{"start":{"line":12,"column":5},"end":{"line":16,"column":21}},"6":{"start":{"line":19,"column":4},"end":{"line":44,"column":7}},"7":{"start":{"line":20,"column":5},"end":{"line":43,"column":18}}},"branchMap":{}}}